
> gigcoin-frontend@0.0.0 dev
> vite

6:02:56 AM [vite] warning: `esbuild` option was specified by "vite:react-babel" plugin. This option is deprecated, please use `oxc` instead.
`optimizeDeps.rollupOptions` / `ssr.optimizeDeps.rollupOptions` is deprecated. Use `optimizeDeps.rolldownOptions` instead. Note that this option may be set by a plugin. Set VITE_DEPRECATION_TRACE=1 to see where it is called.
[vite:react-babel] We recommend switching to `@vitejs/plugin-react-oxc` for improved performance. More information at https://vite.dev/rolldown

  VITE v8.0.9  ready in 174 ms

  ➜  Local:   http://localhost:5173/
  ➜  Network: use --host to expose
6:05:17 AM [vite] .env changed, restarting server...
6:05:17 AM [vite] warning: `esbuild` option was specified by "vite:react-babel" plugin. This option is deprecated, please use `oxc` instead.
`optimizeDeps.rollupOptions` / `ssr.optimizeDeps.rollupOptions` is deprecated. Use `optimizeDeps.rolldownOptions` instead. Note that this option may be set by a plugin. Set VITE_DEPRECATION_TRACE=1 to see where it is called.
[vite:react-babel] We recommend switching to `@vitejs/plugin-react-oxc` for improved performance. More information at https://vite.dev/rolldown
6:05:17 AM [vite] server restarted.
6:05:21 AM [vite] (client) hmr update /src/components/AuthScreen.tsx, /src/App.tsx, /src/components/WorkerDashboard.tsx, /src/components/CreateJob.tsx, /src/components/Wallet.tsx, /src/components/JobList.tsx, /src/components/WorkerActions.tsx
6:05:34 AM [vite] (client) hmr update /src/components/WorkerActions.tsx
6:06:05 AM [vite] .env changed, restarting server...
6:06:05 AM [vite] warning: `esbuild` option was specified by "vite:react-babel" plugin. This option is deprecated, please use `oxc` instead.
`optimizeDeps.rollupOptions` / `ssr.optimizeDeps.rollupOptions` is deprecated. Use `optimizeDeps.rolldownOptions` instead. Note that this option may be set by a plugin. Set VITE_DEPRECATION_TRACE=1 to see where it is called.
[vite:react-babel] We recommend switching to `@vitejs/plugin-react-oxc` for improved performance. More information at https://vite.dev/rolldown
6:06:05 AM [vite] server restarted.
